<?xml version="1.0" encoding="UTF-8"?>
<testsuite xmlns:xsi="http://www.w3.org/2001/XMLSchema-instance" xsi:noNamespaceSchemaLocation="https://maven.apache.org/surefire/maven-surefire-plugin/xsd/surefire-test-report-3.0.xsd" version="3.0" name="calculator.RunnerTest" time="0.496" tests="20" errors="0" skipped="16" failures="0">
  <properties>
    <property name="sun.desktop" value="windows"/>
    <property name="awt.toolkit" value="sun.awt.windows.WToolkit"/>
    <property name="java.specification.version" value="11"/>
    <property name="sun.cpu.isalist" value="amd64"/>
    <property name="sun.jnu.encoding" value="Cp1252"/>
    <property name="java.class.path" value="C:\Users\Mahdiyeh\IdeaProjects\SELab_BDD\target\test-classes;C:\Users\Mahdiyeh\IdeaProjects\SELab_BDD\target\classes;C:\Users\Mahdiyeh\.m2\repository\io\cucumber\cucumber-java\6.10.4\cucumber-java-6.10.4.jar;C:\Users\Mahdiyeh\.m2\repository\io\cucumber\cucumber-core\6.10.4\cucumber-core-6.10.4.jar;C:\Users\Mahdiyeh\.m2\repository\io\cucumber\cucumber-gherkin\6.10.4\cucumber-gherkin-6.10.4.jar;C:\Users\Mahdiyeh\.m2\repository\io\cucumber\cucumber-gherkin-messages\6.10.4\cucumber-gherkin-messages-6.10.4.jar;C:\Users\Mahdiyeh\.m2\repository\io\cucumber\messages\15.0.0\messages-15.0.0.jar;C:\Users\Mahdiyeh\.m2\repository\io\cucumber\tag-expressions\3.0.1\tag-expressions-3.0.1.jar;C:\Users\Mahdiyeh\.m2\repository\io\cucumber\cucumber-expressions\10.3.0\cucumber-expressions-10.3.0.jar;C:\Users\Mahdiyeh\.m2\repository\io\cucumber\datatable\3.5.0\datatable-3.5.0.jar;C:\Users\Mahdiyeh\.m2\repository\io\cucumber\cucumber-plugin\6.10.4\cucumber-plugin-6.10.4.jar;C:\Users\Mahdiyeh\.m2\repository\io\cucumber\docstring\6.10.4\docstring-6.10.4.jar;C:\Users\Mahdiyeh\.m2\repository\io\cucumber\html-formatter\13.0.0\html-formatter-13.0.0.jar;C:\Users\Mahdiyeh\.m2\repository\io\cucumber\create-meta\4.0.0\create-meta-4.0.0.jar;C:\Users\Mahdiyeh\.m2\repository\org\apiguardian\apiguardian-api\1.1.1\apiguardian-api-1.1.1.jar;C:\Users\Mahdiyeh\.m2\repository\io\cucumber\cucumber-junit\6.10.4\cucumber-junit-6.10.4.jar;C:\Users\Mahdiyeh\.m2\repository\info\cukes\cucumber-junit\1.2.5\cucumber-junit-1.2.5.jar;C:\Users\Mahdiyeh\.m2\repository\info\cukes\cucumber-core\1.2.5\cucumber-core-1.2.5.jar;C:\Users\Mahdiyeh\.m2\repository\info\cukes\cucumber-html\0.2.3\cucumber-html-0.2.3.jar;C:\Users\Mahdiyeh\.m2\repository\info\cukes\cucumber-jvm-deps\1.0.5\cucumber-jvm-deps-1.0.5.jar;C:\Users\Mahdiyeh\.m2\repository\info\cukes\gherkin\2.12.2\gherkin-2.12.2.jar;C:\Users\Mahdiyeh\.m2\repository\junit\junit\4.13.1\junit-4.13.1.jar;C:\Users\Mahdiyeh\.m2\repository\org\hamcrest\hamcrest-core\1.3\hamcrest-core-1.3.jar;C:\Users\Mahdiyeh\.m2\repository\info\cukes\cucumber-java\1.2.5\cucumber-java-1.2.5.jar;"/>
    <property name="java.vm.vendor" value="Amazon.com Inc."/>
    <property name="sun.arch.data.model" value="64"/>
    <property name="user.variant" value=""/>
    <property name="java.vendor.url" value="https://aws.amazon.com/corretto/"/>
    <property name="user.timezone" value="Asia/Tehran"/>
    <property name="java.vm.specification.version" value="11"/>
    <property name="os.name" value="Windows 10"/>
    <property name="sun.java.launcher" value="SUN_STANDARD"/>
    <property name="user.country" value="US"/>
    <property name="sun.boot.library.path" value="C:\Users\Mahdiyeh\.jdks\corretto-11.0.21\bin"/>
    <property name="sun.java.command" value="C:\Users\Mahdiyeh\AppData\Local\Temp\surefire14806987197472349209\surefirebooter-20231130210901938_3.jar C:\Users\Mahdiyeh\AppData\Local\Temp\surefire14806987197472349209 2023-11-30T21-08-54_022-jvmRun1 surefire-20231130210901938_1tmp surefire_0-20231130210901938_2tmp"/>
    <property name="jdk.debug" value="release"/>
    <property name="surefire.test.class.path" value="C:\Users\Mahdiyeh\IdeaProjects\SELab_BDD\target\test-classes;C:\Users\Mahdiyeh\IdeaProjects\SELab_BDD\target\classes;C:\Users\Mahdiyeh\.m2\repository\io\cucumber\cucumber-java\6.10.4\cucumber-java-6.10.4.jar;C:\Users\Mahdiyeh\.m2\repository\io\cucumber\cucumber-core\6.10.4\cucumber-core-6.10.4.jar;C:\Users\Mahdiyeh\.m2\repository\io\cucumber\cucumber-gherkin\6.10.4\cucumber-gherkin-6.10.4.jar;C:\Users\Mahdiyeh\.m2\repository\io\cucumber\cucumber-gherkin-messages\6.10.4\cucumber-gherkin-messages-6.10.4.jar;C:\Users\Mahdiyeh\.m2\repository\io\cucumber\messages\15.0.0\messages-15.0.0.jar;C:\Users\Mahdiyeh\.m2\repository\io\cucumber\tag-expressions\3.0.1\tag-expressions-3.0.1.jar;C:\Users\Mahdiyeh\.m2\repository\io\cucumber\cucumber-expressions\10.3.0\cucumber-expressions-10.3.0.jar;C:\Users\Mahdiyeh\.m2\repository\io\cucumber\datatable\3.5.0\datatable-3.5.0.jar;C:\Users\Mahdiyeh\.m2\repository\io\cucumber\cucumber-plugin\6.10.4\cucumber-plugin-6.10.4.jar;C:\Users\Mahdiyeh\.m2\repository\io\cucumber\docstring\6.10.4\docstring-6.10.4.jar;C:\Users\Mahdiyeh\.m2\repository\io\cucumber\html-formatter\13.0.0\html-formatter-13.0.0.jar;C:\Users\Mahdiyeh\.m2\repository\io\cucumber\create-meta\4.0.0\create-meta-4.0.0.jar;C:\Users\Mahdiyeh\.m2\repository\org\apiguardian\apiguardian-api\1.1.1\apiguardian-api-1.1.1.jar;C:\Users\Mahdiyeh\.m2\repository\io\cucumber\cucumber-junit\6.10.4\cucumber-junit-6.10.4.jar;C:\Users\Mahdiyeh\.m2\repository\info\cukes\cucumber-junit\1.2.5\cucumber-junit-1.2.5.jar;C:\Users\Mahdiyeh\.m2\repository\info\cukes\cucumber-core\1.2.5\cucumber-core-1.2.5.jar;C:\Users\Mahdiyeh\.m2\repository\info\cukes\cucumber-html\0.2.3\cucumber-html-0.2.3.jar;C:\Users\Mahdiyeh\.m2\repository\info\cukes\cucumber-jvm-deps\1.0.5\cucumber-jvm-deps-1.0.5.jar;C:\Users\Mahdiyeh\.m2\repository\info\cukes\gherkin\2.12.2\gherkin-2.12.2.jar;C:\Users\Mahdiyeh\.m2\repository\junit\junit\4.13.1\junit-4.13.1.jar;C:\Users\Mahdiyeh\.m2\repository\org\hamcrest\hamcrest-core\1.3\hamcrest-core-1.3.jar;C:\Users\Mahdiyeh\.m2\repository\info\cukes\cucumber-java\1.2.5\cucumber-java-1.2.5.jar;"/>
    <property name="sun.cpu.endian" value="little"/>
    <property name="user.home" value="C:\Users\Mahdiyeh"/>
    <property name="user.language" value="en"/>
    <property name="java.specification.vendor" value="Oracle Corporation"/>
    <property name="java.version.date" value="2023-10-17"/>
    <property name="java.home" value="C:\Users\Mahdiyeh\.jdks\corretto-11.0.21"/>
    <property name="file.separator" value="\"/>
    <property name="basedir" value="C:\Users\Mahdiyeh\IdeaProjects\SELab_BDD"/>
    <property name="java.vm.compressedOopsMode" value="Zero based"/>
    <property name="line.separator" value="&#10;"/>
    <property name="java.specification.name" value="Java Platform API Specification"/>
    <property name="java.vm.specification.vendor" value="Oracle Corporation"/>
    <property name="java.awt.graphicsenv" value="sun.awt.Win32GraphicsEnvironment"/>
    <property name="surefire.real.class.path" value="C:\Users\Mahdiyeh\AppData\Local\Temp\surefire14806987197472349209\surefirebooter-20231130210901938_3.jar"/>
    <property name="user.script" value=""/>
    <property name="sun.management.compiler" value="HotSpot 64-Bit Tiered Compilers"/>
    <property name="java.runtime.version" value="11.0.21+9-LTS"/>
    <property name="user.name" value="Mahdiyeh"/>
    <property name="path.separator" value=";"/>
    <property name="os.version" value="10.0"/>
    <property name="java.runtime.name" value="OpenJDK Runtime Environment"/>
    <property name="file.encoding" value="Cp1252"/>
    <property name="java.vm.name" value="OpenJDK 64-Bit Server VM"/>
    <property name="java.vendor.version" value="Corretto-11.0.21.9.1"/>
    <property name="localRepository" value="C:\Users\Mahdiyeh\.m2\repository"/>
    <property name="java.vendor.url.bug" value="https://github.com/corretto/corretto-11/issues/"/>
    <property name="java.io.tmpdir" value="C:\Users\Mahdiyeh\AppData\Local\Temp\"/>
    <property name="idea.version" value="2023.2.4"/>
    <property name="java.version" value="11.0.21"/>
    <property name="user.dir" value="C:\Users\Mahdiyeh\IdeaProjects\SELab_BDD"/>
    <property name="os.arch" value="amd64"/>
    <property name="java.vm.specification.name" value="Java Virtual Machine Specification"/>
    <property name="java.awt.printerjob" value="sun.awt.windows.WPrinterJob"/>
    <property name="sun.os.patch.level" value=""/>
    <property name="java.library.path" value="C:\Users\Mahdiyeh\.jdks\corretto-11.0.21\bin;C:\Windows\Sun\Java\bin;C:\Windows\system32;C:\Windows;C:\Program Files\Common Files\Oracle\Java\javapath;C:\Program Files (x86)\VMware\VMware Workstation\bin\;C:\Users\Mahdiyeh\AppData\Local\Programs\Python\Python310;C:\Program Files\Docker\Docker\resources\bin;C:\ProgramData\DockerDesktop\version-bin;C:\Users\Mahdiyeh\AppData\Local\Programs\Python\Python310\Scripts;C:\Program Files\Git\cmd;C:\Program Files\dotnet\;C:\Program Files\nodejs\;C:\Program Files\OpenSSL-Win64\bin;C:\Program Files\MySQL\MySQL Shell 8.0\bin\;C:\Users\Mahdiyeh\AppData\Local\Microsoft\WindowsApps;C:\Users\Mahdiyeh\AppData\Local\Programs\Microsoft VS Code\bin;C:\Users\Mahdiyeh\AppData\Local\GitHubDesktop\bin;C:\Users\Mahdiyeh\AppData\Roaming\npm;."/>
    <property name="java.vm.info" value="mixed mode"/>
    <property name="java.vendor" value="Amazon.com Inc."/>
    <property name="java.vm.version" value="11.0.21+9-LTS"/>
    <property name="java.specification.maintenance.version" value="2"/>
    <property name="sun.io.unicode.encoding" value="UnicodeLittle"/>
    <property name="java.class.version" value="55.0"/>
  </properties>
  <testcase name="Given Two input values, 1 and 2" classname="Scenario: add two numbers" time="0">
    <skipped/>
  </testcase>
  <testcase name="When I add the two values" classname="Scenario: add two numbers" time="0">
    <skipped/>
  </testcase>
  <testcase name="Then I expect the result 3" classname="Scenario: add two numbers" time="0">
    <skipped/>
  </testcase>
  <testcase name="" classname="Scenario: add two numbers" time="0">
    <skipped/>
  </testcase>
  <testcase name="" classname="Scenario: add two numbers" time="0.007"/>
  <testcase name="Given Two input values, 1 and 12" classname="| 1 | 12 | 13 |" time="0">
    <skipped/>
  </testcase>
  <testcase name="When I add the two values" classname="| 1 | 12 | 13 |" time="0">
    <skipped/>
  </testcase>
  <testcase name="Then I expect the result 13" classname="| 1 | 12 | 13 |" time="0">
    <skipped/>
  </testcase>
  <testcase name="" classname="| 1 | 12 | 13 |" time="0">
    <skipped/>
  </testcase>
  <testcase name="" classname="| 1 | 12 | 13 |" time="0"/>
  <testcase name="Given Two input values, -1 and 6" classname="| -1 | 6 | 5 |" time="0">
    <skipped/>
  </testcase>
  <testcase name="When I add the two values" classname="| -1 | 6 | 5 |" time="0">
    <skipped/>
  </testcase>
  <testcase name="Then I expect the result 5" classname="| -1 | 6 | 5 |" time="0">
    <skipped/>
  </testcase>
  <testcase name="" classname="| -1 | 6 | 5 |" time="0">
    <skipped/>
  </testcase>
  <testcase name="" classname="| -1 | 6 | 5 |" time="0"/>
  <testcase name="Given Two input values, 2 and 2" classname="| 2 | 2 | 4 |" time="0">
    <skipped/>
  </testcase>
  <testcase name="When I add the two values" classname="| 2 | 2 | 4 |" time="0">
    <skipped/>
  </testcase>
  <testcase name="Then I expect the result 4" classname="| 2 | 2 | 4 |" time="0">
    <skipped/>
  </testcase>
  <testcase name="" classname="| 2 | 2 | 4 |" time="0">
    <skipped/>
  </testcase>
  <testcase name="" classname="| 2 | 2 | 4 |" time="0.001"/>
</testsuite>